2025-02-21 19:15:50 INFO  Scenario:20 - Сказка начинается...
2025-02-21 19:15:50 INFO  Scenario:43 - Принц играет в мяч.
2025-02-21 19:15:50 INFO  Scenario:57 - Слуга принес еду Принцу.
2025-02-21 19:15:50 INFO  Scenario:65 - Король поговорил с Принцем.
2025-02-21 19:15:50 INFO  Scenario:69 - Принц отправился на прогулку.
2025-02-21 19:15:50 INFO  Scenario:72 - Сценарий завершён успешно.
2025-02-21 19:29:37 INFO  Scenario:17 - Сказка начинается...
2025-02-21 19:29:37 INFO  Scenario:46 - Принц играет в мяч.
2025-02-21 19:29:37 INFO  Scenario:60 - Слуга принес еду Принцу.
2025-02-21 19:29:37 INFO  Scenario:68 - Король поговорил с Принцем.
2025-02-21 19:29:37 INFO  Scenario:72 - Принц отправился на прогулку.
2025-02-21 19:29:37 INFO  Wizard:28 - Волшебник дает совет: 'В заколдованном лесу находится Злой Дракон, который похитил Принцессу.'.
2025-02-21 19:29:37 INFO  Scenario:76 - Волшебник рассказывает о заколдованном лесе.
2025-02-21 19:29:37 INFO  Scenario:80 - Принц отправляется в заколдованный лес.
2025-02-21 19:29:37 INFO  Dragon:28 - Злой Дракон охраняет свою добычу.
2025-02-21 19:29:37 INFO  Scenario:84 - Принц встречает Злого Дракона.
2025-02-21 19:29:37 INFO  Dragon:24 - Злой Дракон извергает пламя!
2025-02-21 19:29:37 INFO  Scenario:88 - Дракон извергает пламя!
2025-02-21 19:29:37 INFO  Wizard:24 - Волшебник произносит заклинание: 'Огненный щит'.
2025-02-21 19:29:37 INFO  Scenario:93 - Волшебник защищает Принца от пламени.
2025-02-21 19:29:37 INFO  Scenario:96 - Принц побеждает Дракона!
2025-02-21 19:29:37 INFO  Princess:24 - Принцесса кричит: 'Помогите!'.
2025-02-21 19:29:37 INFO  Scenario:101 - Принцесса зовет на помощь.
2025-02-21 19:29:37 INFO  Scenario:103 - Принц находит Принцессу.
2025-02-21 19:29:37 INFO  Princess:28 - Принцесса благодарит своего спасителя.
2025-02-21 19:29:37 INFO  Scenario:107 - Принцесса благодарит Принца.
2025-02-21 19:29:37 INFO  Scenario:111 - Принц и Принцесса возвращаются домой.
2025-02-21 19:29:37 INFO  Scenario:114 - Сказка завершена. Все счастливы!
2025-02-21 22:01:52 INFO  Scenario:17 - Сказка начинается...
2025-02-21 22:01:52 INFO  Scenario:46 - Принц играет в мяч.
2025-02-21 22:01:52 INFO  Scenario:60 - Слуга принес еду Принцу.
2025-02-21 22:01:52 INFO  Scenario:68 - Король поговорил с Принцем.
2025-02-21 22:01:52 INFO  Scenario:72 - Принц отправился на прогулку.
2025-02-21 22:01:52 INFO  Wizard:28 - Волшебник дает совет: 'В заколдованном лесу находится Злой Дракон, который похитил Принцессу.'.
2025-02-21 22:01:52 INFO  Scenario:76 - Волшебник рассказывает о заколдованном лесе.
2025-02-21 22:01:52 INFO  Scenario:80 - Принц отправляется в заколдованный лес.
2025-02-21 22:01:52 INFO  Dragon:28 - Злой Дракон охраняет свою добычу.
2025-02-21 22:01:52 INFO  Scenario:84 - Принц встречает Злого Дракона.
2025-02-21 22:01:52 INFO  Dragon:24 - Злой Дракон извергает пламя!
2025-02-21 22:01:52 INFO  Scenario:88 - Дракон извергает пламя!
2025-02-21 22:01:52 INFO  Wizard:24 - Волшебник произносит заклинание: 'Огненный щит'.
2025-02-21 22:01:52 INFO  Scenario:93 - Волшебник защищает Принца от пламени.
2025-02-21 22:01:52 INFO  Scenario:96 - Принц побеждает Дракона!
2025-02-21 22:01:52 INFO  Princess:24 - Принцесса кричит: 'Помогите!'.
2025-02-21 22:01:52 INFO  Scenario:101 - Принцесса зовет на помощь.
2025-02-21 22:01:52 INFO  Scenario:103 - Принц находит Принцессу.
2025-02-21 22:01:52 INFO  Princess:28 - Принцесса благодарит своего спасителя.
2025-02-21 22:01:52 INFO  Scenario:107 - Принцесса благодарит Принца.
2025-02-21 22:01:52 INFO  Scenario:111 - Принц и Принцесса возвращаются домой.
2025-02-21 22:01:52 INFO  Scenario:114 - Сказка завершена. Все счастливы!
